<?xml version="1.0" encoding="UTF-8"?>
<!-- Generated by org.testng.reporters.JUnitXMLReporter -->
<testsuite ignored="0" hostname="LAPTOP-E24LKBUN" failures="0" tests="5" name="API Test" time="9.142" errors="0" timestamp="2025-08-03T23:38:47 IST">
  <testcase classname="testcases.ProductDataDrivenTest" name="testAddNewProduct" time="3.064"/>
  <testcase classname="testcases.ProductDataDrivenTest" name="testAddNewProduct" time="1.394"/>
  <testcase classname="testcases.ProductDataDrivenTest" name="testAddNewProduct" time="1.041"/>
  <testcase classname="testcases.ProductDataDrivenTest" name="testAddNewProduct" time="1.657"/>
  <testcase classname="testcases.ProductDataDrivenTest" name="testAddNewProduct" time="1.42"/>
</testsuite> <!-- API Test -->
