<?xml version="1.0" encoding="UTF-8"?>
<!-- Generated by org.testng.reporters.JUnitXMLReporter -->
<testsuite ignored="0" hostname="LAPTOP-E24LKBUN" failures="0" tests="10" name="Cart Test" time="4.282" errors="0" timestamp="2025-08-05T19:09:00 IST">
  <testcase classname="testcases.CartTest" name="testCreateCart" time="0.67"/>
  <testcase classname="testcases.CartTest" name="testDeleteCart" time="0.35"/>
  <testcase classname="testcases.CartTest" name="testGetAllCarts" time="0.36"/>
  <testcase classname="testcases.CartTest" name="testGetCartById" time="0.367"/>
  <testcase classname="testcases.CartTest" name="testGetCartsAscSorted" time="0.35"/>
  <testcase classname="testcases.CartTest" name="testGetCartsByDateRange" time="0.753"/>
  <testcase classname="testcases.CartTest" name="testGetCartsDscSorted" time="0.344"/>
  <testcase classname="testcases.CartTest" name="testGetCartsWithLimit" time="0.426"/>
  <testcase classname="testcases.CartTest" name="testGetUserCart" time="0.363"/>
  <testcase classname="testcases.CartTest" name="testUpdateCart" time="0.263"/>
</testsuite> <!-- Cart Test -->
