<?xml version="1.0" encoding="UTF-8"?>
<!-- Generated by org.testng.reporters.JUnitXMLReporter -->
<testsuite ignored="0" hostname="LAPTOP-E24LKBUN" failures="0" tests="8" name="User Tests" time="5.384" errors="0" timestamp="2025-08-03T23:38:52 IST">
  <testcase classname="testcases.UserTest" name="testCreateUser" time="1.002"/>
  <testcase classname="testcases.UserTest" name="testDeleteUser" time="0.427"/>
  <testcase classname="testcases.UserTest" name="testGetAllUser" time="0.414"/>
  <testcase classname="testcases.UserTest" name="testGetUserById" time="0.955"/>
  <testcase classname="testcases.UserTest" name="testGetUsersSorted" time="0.368"/>
  <testcase classname="testcases.UserTest" name="testGetUsersSortedAsc" time="0.799"/>
  <testcase classname="testcases.UserTest" name="testGetUsersWithLimit" time="0.745"/>
  <testcase classname="testcases.UserTest" name="testUpdateUser" time="0.639"/>
</testsuite> <!-- User Tests -->
