<?xml version="1.0" encoding="UTF-8"?>
<!-- Generated by org.testng.reporters.JUnitXMLReporter -->
<testsuite ignored="0" hostname="LAPTOP-E24LKBUN" failures="0" tests="10" name="Cart Test" time="4.828" errors="0" timestamp="2025-08-05T19:15:30 IST">
  <testcase classname="testcases.CartTest" name="testCreateCart" time="0.901"/>
  <testcase classname="testcases.CartTest" name="testDeleteCart" time="0.503"/>
  <testcase classname="testcases.CartTest" name="testGetAllCarts" time="0.336"/>
  <testcase classname="testcases.CartTest" name="testGetCartById" time="0.345"/>
  <testcase classname="testcases.CartTest" name="testGetCartsAscSorted" time="1.009"/>
  <testcase classname="testcases.CartTest" name="testGetCartsByDateRange" time="0.353"/>
  <testcase classname="testcases.CartTest" name="testGetCartsDscSorted" time="0.369"/>
  <testcase classname="testcases.CartTest" name="testGetCartsWithLimit" time="0.351"/>
  <testcase classname="testcases.CartTest" name="testGetUserCart" time="0.372"/>
  <testcase classname="testcases.CartTest" name="testUpdateCart" time="0.262"/>
</testsuite> <!-- Cart Test -->
