<?xml version="1.0" encoding="UTF-8"?>
<!-- Generated by org.testng.reporters.JUnitXMLReporter -->
<testsuite ignored="0" hostname="LAPTOP-E24LKBUN" failures="0" tests="10" name="Product Tests" time="8.044" errors="0" timestamp="2025-08-05T19:15:19 IST">
  <testcase classname="testcases.ProductTest" name="testAddNewProduct" time="2.292"/>
  <testcase classname="testcases.ProductTest" name="testDeleteProduct" time="0.838"/>
  <testcase classname="testcases.ProductTest" name="testGetAllCategories" time="0.656"/>
  <testcase classname="testcases.ProductTest" name="testGetAllProducts" time="0.295"/>
  <testcase classname="testcases.ProductTest" name="testGetLimitedProducts" time="0.63"/>
  <testcase classname="testcases.ProductTest" name="testGetProductsByCategory" time="0.735"/>
  <testcase classname="testcases.ProductTest" name="testGetSingleProductById" time="0.653"/>
  <testcase classname="testcases.ProductTest" name="testGetSortedProducts" time="0.842"/>
  <testcase classname="testcases.ProductTest" name="testGetSortedProductsAsc" time="0.268"/>
  <testcase classname="testcases.ProductTest" name="testUpdateProduct" time="0.282"/>
</testsuite> <!-- Product Tests -->
