<?xml version="1.0" encoding="UTF-8"?>
<!-- Generated by org.testng.reporters.JUnitXMLReporter -->
<testsuite ignored="0" hostname="LAPTOP-E24LKBUN" failures="0" tests="3" name="Schema Tests" time="1.805" errors="0" timestamp="2025-08-05T19:15:33 IST">
  <testcase classname="testcases.SchemaTests" name="testCartSchema" time="0.764"/>
  <testcase classname="testcases.SchemaTests" name="testProducrSchema" time="0.667"/>
  <testcase classname="testcases.SchemaTests" name="testUserSchema" time="0.364"/>
</testsuite> <!-- Schema Tests -->
