<?xml version="1.0" encoding="UTF-8"?>
<testng-results ignored="0" total="33" passed="33" failed="0" skipped="0">
  <reporter-output>
  </reporter-output>
  <suite started-at="2025-08-05T19:15:10 IST" name="APITestSuite" finished-at="2025-08-05T19:15:33 IST" duration-ms="23323">
    <groups>
    </groups>
    <test started-at="2025-08-05T19:15:10 IST" name="Product Tests" finished-at="2025-08-05T19:15:18 IST" duration-ms="8044">
      <class name="testcases.ProductTest">
        <test-method is-config="true" signature="setup()[pri:0, instance:testcases.ProductTest@cecf639]" started-at="2025-08-05T19:15:10 IST" name="setup" finished-at="2025-08-05T19:15:11 IST" duration-ms="250" status="PASS">
          <reporter-output>
          </reporter-output>
        </test-method> <!-- setup -->
        <test-method signature="testAddNewProduct()[pri:0, instance:testcases.ProductTest@cecf639]" started-at="2025-08-05T19:15:11 IST" name="testAddNewProduct" finished-at="2025-08-05T19:15:13 IST" duration-ms="2292" status="PASS">
          <reporter-output>
          </reporter-output>
        </test-method> <!-- testAddNewProduct -->
        <test-method signature="testDeleteProduct()[pri:0, instance:testcases.ProductTest@cecf639]" started-at="2025-08-05T19:15:13 IST" name="testDeleteProduct" finished-at="2025-08-05T19:15:14 IST" duration-ms="838" status="PASS">
          <reporter-output>
          </reporter-output>
        </test-method> <!-- testDeleteProduct -->
        <test-method signature="testGetAllCategories()[pri:0, instance:testcases.ProductTest@cecf639]" started-at="2025-08-05T19:15:14 IST" name="testGetAllCategories" finished-at="2025-08-05T19:15:14 IST" duration-ms="656" status="PASS">
          <reporter-output>
          </reporter-output>
        </test-method> <!-- testGetAllCategories -->
        <test-method signature="testGetAllProducts()[pri:0, instance:testcases.ProductTest@cecf639]" started-at="2025-08-05T19:15:14 IST" name="testGetAllProducts" finished-at="2025-08-05T19:15:15 IST" duration-ms="295" status="PASS">
          <reporter-output>
          </reporter-output>
        </test-method> <!-- testGetAllProducts -->
        <test-method signature="testGetLimitedProducts()[pri:0, instance:testcases.ProductTest@cecf639]" started-at="2025-08-05T19:15:15 IST" name="testGetLimitedProducts" finished-at="2025-08-05T19:15:15 IST" duration-ms="630" status="PASS">
          <reporter-output>
          </reporter-output>
        </test-method> <!-- testGetLimitedProducts -->
        <test-method signature="testGetProductsByCategory()[pri:0, instance:testcases.ProductTest@cecf639]" started-at="2025-08-05T19:15:15 IST" name="testGetProductsByCategory" finished-at="2025-08-05T19:15:16 IST" duration-ms="735" status="PASS">
          <reporter-output>
          </reporter-output>
        </test-method> <!-- testGetProductsByCategory -->
        <test-method signature="testGetSingleProductById()[pri:0, instance:testcases.ProductTest@cecf639]" started-at="2025-08-05T19:15:16 IST" name="testGetSingleProductById" finished-at="2025-08-05T19:15:17 IST" duration-ms="653" status="PASS">
          <reporter-output>
          </reporter-output>
        </test-method> <!-- testGetSingleProductById -->
        <test-method signature="testGetSortedProducts()[pri:0, instance:testcases.ProductTest@cecf639]" started-at="2025-08-05T19:15:17 IST" name="testGetSortedProducts" finished-at="2025-08-05T19:15:18 IST" duration-ms="842" status="PASS">
          <reporter-output>
          </reporter-output>
        </test-method> <!-- testGetSortedProducts -->
        <test-method signature="testGetSortedProductsAsc()[pri:0, instance:testcases.ProductTest@cecf639]" started-at="2025-08-05T19:15:18 IST" name="testGetSortedProductsAsc" finished-at="2025-08-05T19:15:18 IST" duration-ms="268" status="PASS">
          <reporter-output>
          </reporter-output>
        </test-method> <!-- testGetSortedProductsAsc -->
        <test-method signature="testUpdateProduct()[pri:0, instance:testcases.ProductTest@cecf639]" started-at="2025-08-05T19:15:18 IST" name="testUpdateProduct" finished-at="2025-08-05T19:15:18 IST" duration-ms="282" status="PASS">
          <reporter-output>
          </reporter-output>
        </test-method> <!-- testUpdateProduct -->
      </class> <!-- testcases.ProductTest -->
    </test> <!-- Product Tests -->
    <test started-at="2025-08-05T19:15:19 IST" name="User Test" finished-at="2025-08-05T19:15:25 IST" duration-ms="6292">
      <class name="testcases.UserTest">
        <test-method is-config="true" signature="setup()[pri:0, instance:testcases.UserTest@4007f65e]" started-at="2025-08-05T19:15:19 IST" name="setup" finished-at="2025-08-05T19:15:19 IST" duration-ms="2" status="PASS">
          <reporter-output>
          </reporter-output>
        </test-method> <!-- setup -->
        <test-method signature="testCreateUser()[pri:0, instance:testcases.UserTest@4007f65e]" started-at="2025-08-05T19:15:19 IST" name="testCreateUser" finished-at="2025-08-05T19:15:20 IST" duration-ms="1290" status="PASS">
          <reporter-output>
          </reporter-output>
        </test-method> <!-- testCreateUser -->
        <test-method signature="testDeleteUser()[pri:0, instance:testcases.UserTest@4007f65e]" started-at="2025-08-05T19:15:20 IST" name="testDeleteUser" finished-at="2025-08-05T19:15:21 IST" duration-ms="749" status="PASS">
          <reporter-output>
          </reporter-output>
        </test-method> <!-- testDeleteUser -->
        <test-method signature="testGetAllUser()[pri:0, instance:testcases.UserTest@4007f65e]" started-at="2025-08-05T19:15:21 IST" name="testGetAllUser" finished-at="2025-08-05T19:15:21 IST" duration-ms="352" status="PASS">
          <reporter-output>
          </reporter-output>
        </test-method> <!-- testGetAllUser -->
        <test-method signature="testGetUserById()[pri:0, instance:testcases.UserTest@4007f65e]" started-at="2025-08-05T19:15:21 IST" name="testGetUserById" finished-at="2025-08-05T19:15:22 IST" duration-ms="752" status="PASS">
          <reporter-output>
          </reporter-output>
        </test-method> <!-- testGetUserById -->
        <test-method signature="testGetUsersSorted()[pri:0, instance:testcases.UserTest@4007f65e]" started-at="2025-08-05T19:15:22 IST" name="testGetUsersSorted" finished-at="2025-08-05T19:15:23 IST" duration-ms="980" status="PASS">
          <reporter-output>
          </reporter-output>
        </test-method> <!-- testGetUsersSorted -->
        <test-method signature="testGetUsersSortedAsc()[pri:0, instance:testcases.UserTest@4007f65e]" started-at="2025-08-05T19:15:23 IST" name="testGetUsersSortedAsc" finished-at="2025-08-05T19:15:24 IST" duration-ms="782" status="PASS">
          <reporter-output>
          </reporter-output>
        </test-method> <!-- testGetUsersSortedAsc -->
        <test-method signature="testGetUsersWithLimit()[pri:0, instance:testcases.UserTest@4007f65e]" started-at="2025-08-05T19:15:24 IST" name="testGetUsersWithLimit" finished-at="2025-08-05T19:15:24 IST" duration-ms="755" status="PASS">
          <reporter-output>
          </reporter-output>
        </test-method> <!-- testGetUsersWithLimit -->
        <test-method signature="testUpdateUser()[pri:0, instance:testcases.UserTest@4007f65e]" started-at="2025-08-05T19:15:24 IST" name="testUpdateUser" finished-at="2025-08-05T19:15:25 IST" duration-ms="605" status="PASS">
          <reporter-output>
          </reporter-output>
        </test-method> <!-- testUpdateUser -->
      </class> <!-- testcases.UserTest -->
    </test> <!-- User Test -->
    <test started-at="2025-08-05T19:15:25 IST" name="Cart Test" finished-at="2025-08-05T19:15:30 IST" duration-ms="4828">
      <class name="testcases.CartTest">
        <test-method is-config="true" signature="setup()[pri:0, instance:testcases.CartTest@740fb309]" started-at="2025-08-05T19:15:25 IST" name="setup" finished-at="2025-08-05T19:15:25 IST" duration-ms="2" status="PASS">
          <reporter-output>
          </reporter-output>
        </test-method> <!-- setup -->
        <test-method signature="testCreateCart()[pri:0, instance:testcases.CartTest@740fb309]" started-at="2025-08-05T19:15:25 IST" name="testCreateCart" finished-at="2025-08-05T19:15:26 IST" duration-ms="901" status="PASS">
          <reporter-output>
          </reporter-output>
        </test-method> <!-- testCreateCart -->
        <test-method signature="testDeleteCart()[pri:0, instance:testcases.CartTest@740fb309]" started-at="2025-08-05T19:15:26 IST" name="testDeleteCart" finished-at="2025-08-05T19:15:27 IST" duration-ms="503" status="PASS">
          <reporter-output>
          </reporter-output>
        </test-method> <!-- testDeleteCart -->
        <test-method signature="testGetAllCarts()[pri:0, instance:testcases.CartTest@740fb309]" started-at="2025-08-05T19:15:27 IST" name="testGetAllCarts" finished-at="2025-08-05T19:15:27 IST" duration-ms="336" status="PASS">
          <reporter-output>
          </reporter-output>
        </test-method> <!-- testGetAllCarts -->
        <test-method signature="testGetCartById()[pri:0, instance:testcases.CartTest@740fb309]" started-at="2025-08-05T19:15:27 IST" name="testGetCartById" finished-at="2025-08-05T19:15:27 IST" duration-ms="345" status="PASS">
          <reporter-output>
          </reporter-output>
        </test-method> <!-- testGetCartById -->
        <test-method signature="testGetCartsAscSorted()[pri:0, instance:testcases.CartTest@740fb309]" started-at="2025-08-05T19:15:27 IST" name="testGetCartsAscSorted" finished-at="2025-08-05T19:15:28 IST" duration-ms="1009" status="PASS">
          <reporter-output>
          </reporter-output>
        </test-method> <!-- testGetCartsAscSorted -->
        <test-method signature="testGetCartsByDateRange()[pri:0, instance:testcases.CartTest@740fb309]" started-at="2025-08-05T19:15:28 IST" name="testGetCartsByDateRange" finished-at="2025-08-05T19:15:29 IST" duration-ms="353" status="PASS">
          <reporter-output>
          </reporter-output>
        </test-method> <!-- testGetCartsByDateRange -->
        <test-method signature="testGetCartsDscSorted()[pri:0, instance:testcases.CartTest@740fb309]" started-at="2025-08-05T19:15:29 IST" name="testGetCartsDscSorted" finished-at="2025-08-05T19:15:29 IST" duration-ms="369" status="PASS">
          <reporter-output>
          </reporter-output>
        </test-method> <!-- testGetCartsDscSorted -->
        <test-method signature="testGetCartsWithLimit()[pri:0, instance:testcases.CartTest@740fb309]" started-at="2025-08-05T19:15:29 IST" name="testGetCartsWithLimit" finished-at="2025-08-05T19:15:29 IST" duration-ms="351" status="PASS">
          <reporter-output>
          </reporter-output>
        </test-method> <!-- testGetCartsWithLimit -->
        <test-method signature="testGetUserCart()[pri:0, instance:testcases.CartTest@740fb309]" started-at="2025-08-05T19:15:29 IST" name="testGetUserCart" finished-at="2025-08-05T19:15:30 IST" duration-ms="372" status="PASS">
          <reporter-output>
          </reporter-output>
        </test-method> <!-- testGetUserCart -->
        <test-method signature="testUpdateCart()[pri:0, instance:testcases.CartTest@740fb309]" started-at="2025-08-05T19:15:30 IST" name="testUpdateCart" finished-at="2025-08-05T19:15:30 IST" duration-ms="262" status="PASS">
          <reporter-output>
          </reporter-output>
        </test-method> <!-- testUpdateCart -->
      </class> <!-- testcases.CartTest -->
    </test> <!-- Cart Test -->
    <test started-at="2025-08-05T19:15:30 IST" name="Auth Tests" finished-at="2025-08-05T19:15:32 IST" duration-ms="1679">
      <class name="testcases.LoginTest">
        <test-method is-config="true" signature="setup()[pri:0, instance:testcases.LoginTest@2de56eb2]" started-at="2025-08-05T19:15:30 IST" name="setup" finished-at="2025-08-05T19:15:30 IST" duration-ms="1" status="PASS">
          <reporter-output>
          </reporter-output>
        </test-method> <!-- setup -->
        <test-method signature="testInvalidUserLogin()[pri:0, instance:testcases.LoginTest@2de56eb2]" started-at="2025-08-05T19:15:30 IST" name="testInvalidUserLogin" finished-at="2025-08-05T19:15:31 IST" duration-ms="1219" status="PASS">
          <reporter-output>
          </reporter-output>
        </test-method> <!-- testInvalidUserLogin -->
        <test-method signature="testValidUserLogin()[pri:0, instance:testcases.LoginTest@2de56eb2]" started-at="2025-08-05T19:15:31 IST" name="testValidUserLogin" finished-at="2025-08-05T19:15:32 IST" duration-ms="452" status="PASS">
          <reporter-output>
          </reporter-output>
        </test-method> <!-- testValidUserLogin -->
      </class> <!-- testcases.LoginTest -->
    </test> <!-- Auth Tests -->
    <test started-at="2025-08-05T19:15:32 IST" name="Schema Tests" finished-at="2025-08-05T19:15:33 IST" duration-ms="1805">
      <class name="testcases.SchemaTests">
        <test-method is-config="true" signature="setup()[pri:0, instance:testcases.SchemaTests@480d3575]" started-at="2025-08-05T19:15:32 IST" name="setup" finished-at="2025-08-05T19:15:32 IST" duration-ms="2" status="PASS">
          <reporter-output>
          </reporter-output>
        </test-method> <!-- setup -->
        <test-method signature="testCartSchema()[pri:0, instance:testcases.SchemaTests@480d3575]" started-at="2025-08-05T19:15:32 IST" name="testCartSchema" finished-at="2025-08-05T19:15:32 IST" duration-ms="764" status="PASS">
          <reporter-output>
          </reporter-output>
        </test-method> <!-- testCartSchema -->
        <test-method signature="testProducrSchema()[pri:0, instance:testcases.SchemaTests@480d3575]" started-at="2025-08-05T19:15:32 IST" name="testProducrSchema" finished-at="2025-08-05T19:15:33 IST" duration-ms="667" status="PASS">
          <reporter-output>
          </reporter-output>
        </test-method> <!-- testProducrSchema -->
        <test-method signature="testUserSchema()[pri:0, instance:testcases.SchemaTests@480d3575]" started-at="2025-08-05T19:15:33 IST" name="testUserSchema" finished-at="2025-08-05T19:15:33 IST" duration-ms="364" status="PASS">
          <reporter-output>
          </reporter-output>
        </test-method> <!-- testUserSchema -->
      </class> <!-- testcases.SchemaTests -->
    </test> <!-- Schema Tests -->
  </suite> <!-- APITestSuite -->
</testng-results>
