<?xml version="1.0" encoding="UTF-8"?>
<testng-results ignored="0" total="33" passed="33" failed="0" skipped="0">
  <reporter-output>
  </reporter-output>
  <suite started-at="2025-08-05T19:08:40 IST" name="APITestSuite" finished-at="2025-08-05T19:09:03 IST" duration-ms="22756">
    <groups>
    </groups>
    <test started-at="2025-08-05T19:08:40 IST" name="Product Tests" finished-at="2025-08-05T19:08:49 IST" duration-ms="9087">
      <class name="testcases.ProductTest">
        <test-method is-config="true" signature="setup()[pri:0, instance:testcases.ProductTest@b2c5e07]" started-at="2025-08-05T19:08:41 IST" name="setup" finished-at="2025-08-05T19:08:41 IST" duration-ms="238" status="PASS">
          <reporter-output>
          </reporter-output>
        </test-method> <!-- setup -->
        <test-method signature="testAddNewProduct()[pri:0, instance:testcases.ProductTest@b2c5e07]" started-at="2025-08-05T19:08:41 IST" name="testAddNewProduct" finished-at="2025-08-05T19:08:43 IST" duration-ms="2216" status="PASS">
          <reporter-output>
          </reporter-output>
        </test-method> <!-- testAddNewProduct -->
        <test-method signature="testDeleteProduct()[pri:0, instance:testcases.ProductTest@b2c5e07]" started-at="2025-08-05T19:08:43 IST" name="testDeleteProduct" finished-at="2025-08-05T19:08:44 IST" duration-ms="779" status="PASS">
          <reporter-output>
          </reporter-output>
        </test-method> <!-- testDeleteProduct -->
        <test-method signature="testGetAllCategories()[pri:0, instance:testcases.ProductTest@b2c5e07]" started-at="2025-08-05T19:08:44 IST" name="testGetAllCategories" finished-at="2025-08-05T19:08:45 IST" duration-ms="672" status="PASS">
          <reporter-output>
          </reporter-output>
        </test-method> <!-- testGetAllCategories -->
        <test-method signature="testGetAllProducts()[pri:0, instance:testcases.ProductTest@b2c5e07]" started-at="2025-08-05T19:08:45 IST" name="testGetAllProducts" finished-at="2025-08-05T19:08:45 IST" duration-ms="874" status="PASS">
          <reporter-output>
          </reporter-output>
        </test-method> <!-- testGetAllProducts -->
        <test-method signature="testGetLimitedProducts()[pri:0, instance:testcases.ProductTest@b2c5e07]" started-at="2025-08-05T19:08:45 IST" name="testGetLimitedProducts" finished-at="2025-08-05T19:08:46 IST" duration-ms="718" status="PASS">
          <reporter-output>
          </reporter-output>
        </test-method> <!-- testGetLimitedProducts -->
        <test-method signature="testGetProductsByCategory()[pri:0, instance:testcases.ProductTest@b2c5e07]" started-at="2025-08-05T19:08:46 IST" name="testGetProductsByCategory" finished-at="2025-08-05T19:08:47 IST" duration-ms="411" status="PASS">
          <reporter-output>
          </reporter-output>
        </test-method> <!-- testGetProductsByCategory -->
        <test-method signature="testGetSingleProductById()[pri:0, instance:testcases.ProductTest@b2c5e07]" started-at="2025-08-05T19:08:47 IST" name="testGetSingleProductById" finished-at="2025-08-05T19:08:47 IST" duration-ms="255" status="PASS">
          <reporter-output>
          </reporter-output>
        </test-method> <!-- testGetSingleProductById -->
        <test-method signature="testGetSortedProducts()[pri:0, instance:testcases.ProductTest@b2c5e07]" started-at="2025-08-05T19:08:47 IST" name="testGetSortedProducts" finished-at="2025-08-05T19:08:48 IST" duration-ms="856" status="PASS">
          <reporter-output>
          </reporter-output>
        </test-method> <!-- testGetSortedProducts -->
        <test-method signature="testGetSortedProductsAsc()[pri:0, instance:testcases.ProductTest@b2c5e07]" started-at="2025-08-05T19:08:48 IST" name="testGetSortedProductsAsc" finished-at="2025-08-05T19:08:49 IST" duration-ms="1112" status="PASS">
          <reporter-output>
          </reporter-output>
        </test-method> <!-- testGetSortedProductsAsc -->
        <test-method signature="testUpdateProduct()[pri:0, instance:testcases.ProductTest@b2c5e07]" started-at="2025-08-05T19:08:49 IST" name="testUpdateProduct" finished-at="2025-08-05T19:08:49 IST" duration-ms="670" status="PASS">
          <reporter-output>
          </reporter-output>
        </test-method> <!-- testUpdateProduct -->
      </class> <!-- testcases.ProductTest -->
    </test> <!-- Product Tests -->
    <test started-at="2025-08-05T19:08:50 IST" name="User Test" finished-at="2025-08-05T19:08:56 IST" duration-ms="6281">
      <class name="testcases.UserTest">
        <test-method is-config="true" signature="setup()[pri:0, instance:testcases.UserTest@2dcd168a]" started-at="2025-08-05T19:08:50 IST" name="setup" finished-at="2025-08-05T19:08:50 IST" duration-ms="1" status="PASS">
          <reporter-output>
          </reporter-output>
        </test-method> <!-- setup -->
        <test-method signature="testCreateUser()[pri:0, instance:testcases.UserTest@2dcd168a]" started-at="2025-08-05T19:08:50 IST" name="testCreateUser" finished-at="2025-08-05T19:08:51 IST" duration-ms="947" status="PASS">
          <reporter-output>
          </reporter-output>
        </test-method> <!-- testCreateUser -->
        <test-method signature="testDeleteUser()[pri:0, instance:testcases.UserTest@2dcd168a]" started-at="2025-08-05T19:08:51 IST" name="testDeleteUser" finished-at="2025-08-05T19:08:52 IST" duration-ms="978" status="PASS">
          <reporter-output>
          </reporter-output>
        </test-method> <!-- testDeleteUser -->
        <test-method signature="testGetAllUser()[pri:0, instance:testcases.UserTest@2dcd168a]" started-at="2025-08-05T19:08:52 IST" name="testGetAllUser" finished-at="2025-08-05T19:08:52 IST" duration-ms="361" status="PASS">
          <reporter-output>
          </reporter-output>
        </test-method> <!-- testGetAllUser -->
        <test-method signature="testGetUserById()[pri:0, instance:testcases.UserTest@2dcd168a]" started-at="2025-08-05T19:08:52 IST" name="testGetUserById" finished-at="2025-08-05T19:08:53 IST" duration-ms="851" status="PASS">
          <reporter-output>
          </reporter-output>
        </test-method> <!-- testGetUserById -->
        <test-method signature="testGetUsersSorted()[pri:0, instance:testcases.UserTest@2dcd168a]" started-at="2025-08-05T19:08:53 IST" name="testGetUsersSorted" finished-at="2025-08-05T19:08:54 IST" duration-ms="766" status="PASS">
          <reporter-output>
          </reporter-output>
        </test-method> <!-- testGetUsersSorted -->
        <test-method signature="testGetUsersSortedAsc()[pri:0, instance:testcases.UserTest@2dcd168a]" started-at="2025-08-05T19:08:54 IST" name="testGetUsersSortedAsc" finished-at="2025-08-05T19:08:54 IST" duration-ms="740" status="PASS">
          <reporter-output>
          </reporter-output>
        </test-method> <!-- testGetUsersSortedAsc -->
        <test-method signature="testGetUsersWithLimit()[pri:0, instance:testcases.UserTest@2dcd168a]" started-at="2025-08-05T19:08:54 IST" name="testGetUsersWithLimit" finished-at="2025-08-05T19:08:55 IST" duration-ms="751" status="PASS">
          <reporter-output>
          </reporter-output>
        </test-method> <!-- testGetUsersWithLimit -->
        <test-method signature="testUpdateUser()[pri:0, instance:testcases.UserTest@2dcd168a]" started-at="2025-08-05T19:08:55 IST" name="testUpdateUser" finished-at="2025-08-05T19:08:56 IST" duration-ms="856" status="PASS">
          <reporter-output>
          </reporter-output>
        </test-method> <!-- testUpdateUser -->
      </class> <!-- testcases.UserTest -->
    </test> <!-- User Test -->
    <test started-at="2025-08-05T19:08:56 IST" name="Cart Test" finished-at="2025-08-05T19:09:00 IST" duration-ms="4282">
      <class name="testcases.CartTest">
        <test-method signature="testCreateCart()[pri:0, instance:testcases.CartTest@1afdd473]" started-at="2025-08-05T19:08:56 IST" name="testCreateCart" finished-at="2025-08-05T19:08:57 IST" duration-ms="670" status="PASS">
          <reporter-output>
          </reporter-output>
        </test-method> <!-- testCreateCart -->
        <test-method is-config="true" signature="setup()[pri:0, instance:testcases.CartTest@1afdd473]" started-at="2025-08-05T19:08:56 IST" name="setup" finished-at="2025-08-05T19:08:56 IST" duration-ms="0" status="PASS">
          <reporter-output>
          </reporter-output>
        </test-method> <!-- setup -->
        <test-method signature="testDeleteCart()[pri:0, instance:testcases.CartTest@1afdd473]" started-at="2025-08-05T19:08:57 IST" name="testDeleteCart" finished-at="2025-08-05T19:08:57 IST" duration-ms="350" status="PASS">
          <reporter-output>
          </reporter-output>
        </test-method> <!-- testDeleteCart -->
        <test-method signature="testGetAllCarts()[pri:0, instance:testcases.CartTest@1afdd473]" started-at="2025-08-05T19:08:57 IST" name="testGetAllCarts" finished-at="2025-08-05T19:08:57 IST" duration-ms="360" status="PASS">
          <reporter-output>
          </reporter-output>
        </test-method> <!-- testGetAllCarts -->
        <test-method signature="testGetCartById()[pri:0, instance:testcases.CartTest@1afdd473]" started-at="2025-08-05T19:08:57 IST" name="testGetCartById" finished-at="2025-08-05T19:08:58 IST" duration-ms="367" status="PASS">
          <reporter-output>
          </reporter-output>
        </test-method> <!-- testGetCartById -->
        <test-method signature="testGetCartsAscSorted()[pri:0, instance:testcases.CartTest@1afdd473]" started-at="2025-08-05T19:08:58 IST" name="testGetCartsAscSorted" finished-at="2025-08-05T19:08:58 IST" duration-ms="350" status="PASS">
          <reporter-output>
          </reporter-output>
        </test-method> <!-- testGetCartsAscSorted -->
        <test-method signature="testGetCartsByDateRange()[pri:0, instance:testcases.CartTest@1afdd473]" started-at="2025-08-05T19:08:58 IST" name="testGetCartsByDateRange" finished-at="2025-08-05T19:08:59 IST" duration-ms="753" status="PASS">
          <reporter-output>
          </reporter-output>
        </test-method> <!-- testGetCartsByDateRange -->
        <test-method signature="testGetCartsDscSorted()[pri:0, instance:testcases.CartTest@1afdd473]" started-at="2025-08-05T19:08:59 IST" name="testGetCartsDscSorted" finished-at="2025-08-05T19:08:59 IST" duration-ms="344" status="PASS">
          <reporter-output>
          </reporter-output>
        </test-method> <!-- testGetCartsDscSorted -->
        <test-method signature="testGetCartsWithLimit()[pri:0, instance:testcases.CartTest@1afdd473]" started-at="2025-08-05T19:08:59 IST" name="testGetCartsWithLimit" finished-at="2025-08-05T19:09:00 IST" duration-ms="426" status="PASS">
          <reporter-output>
          </reporter-output>
        </test-method> <!-- testGetCartsWithLimit -->
        <test-method signature="testGetUserCart()[pri:0, instance:testcases.CartTest@1afdd473]" started-at="2025-08-05T19:09:00 IST" name="testGetUserCart" finished-at="2025-08-05T19:09:00 IST" duration-ms="363" status="PASS">
          <reporter-output>
          </reporter-output>
        </test-method> <!-- testGetUserCart -->
        <test-method signature="testUpdateCart()[pri:0, instance:testcases.CartTest@1afdd473]" started-at="2025-08-05T19:09:00 IST" name="testUpdateCart" finished-at="2025-08-05T19:09:00 IST" duration-ms="263" status="PASS">
          <reporter-output>
          </reporter-output>
        </test-method> <!-- testUpdateCart -->
      </class> <!-- testcases.CartTest -->
    </test> <!-- Cart Test -->
    <test started-at="2025-08-05T19:09:00 IST" name="Auth Tests" finished-at="2025-08-05T19:09:01 IST" duration-ms="1107">
      <class name="testcases.LoginTest">
        <test-method is-config="true" signature="setup()[pri:0, instance:testcases.LoginTest@2f1de2d6]" started-at="2025-08-05T19:09:00 IST" name="setup" finished-at="2025-08-05T19:09:00 IST" duration-ms="2" status="PASS">
          <reporter-output>
          </reporter-output>
        </test-method> <!-- setup -->
        <test-method signature="testInvalidUserLogin()[pri:0, instance:testcases.LoginTest@2f1de2d6]" started-at="2025-08-05T19:09:00 IST" name="testInvalidUserLogin" finished-at="2025-08-05T19:09:01 IST" duration-ms="708" status="PASS">
          <reporter-output>
          </reporter-output>
        </test-method> <!-- testInvalidUserLogin -->
        <test-method signature="testValidUserLogin()[pri:0, instance:testcases.LoginTest@2f1de2d6]" started-at="2025-08-05T19:09:01 IST" name="testValidUserLogin" finished-at="2025-08-05T19:09:01 IST" duration-ms="392" status="PASS">
          <reporter-output>
          </reporter-output>
        </test-method> <!-- testValidUserLogin -->
      </class> <!-- testcases.LoginTest -->
    </test> <!-- Auth Tests -->
    <test started-at="2025-08-05T19:09:01 IST" name="Schema Tests" finished-at="2025-08-05T19:09:03 IST" duration-ms="1719">
      <class name="testcases.SchemaTests">
        <test-method is-config="true" signature="setup()[pri:0, instance:testcases.SchemaTests@71c27ee8]" started-at="2025-08-05T19:09:01 IST" name="setup" finished-at="2025-08-05T19:09:01 IST" duration-ms="1" status="PASS">
          <reporter-output>
          </reporter-output>
        </test-method> <!-- setup -->
        <test-method signature="testCartSchema()[pri:0, instance:testcases.SchemaTests@71c27ee8]" started-at="2025-08-05T19:09:01 IST" name="testCartSchema" finished-at="2025-08-05T19:09:02 IST" duration-ms="1103" status="PASS">
          <reporter-output>
          </reporter-output>
        </test-method> <!-- testCartSchema -->
        <test-method signature="testProducrSchema()[pri:0, instance:testcases.SchemaTests@71c27ee8]" started-at="2025-08-05T19:09:02 IST" name="testProducrSchema" finished-at="2025-08-05T19:09:03 IST" duration-ms="254" status="PASS">
          <reporter-output>
          </reporter-output>
        </test-method> <!-- testProducrSchema -->
        <test-method signature="testUserSchema()[pri:0, instance:testcases.SchemaTests@71c27ee8]" started-at="2025-08-05T19:09:03 IST" name="testUserSchema" finished-at="2025-08-05T19:09:03 IST" duration-ms="355" status="PASS">
          <reporter-output>
          </reporter-output>
        </test-method> <!-- testUserSchema -->
      </class> <!-- testcases.SchemaTests -->
    </test> <!-- Schema Tests -->
  </suite> <!-- APITestSuite -->
</testng-results>
