<?xml version="1.0" encoding="UTF-8"?>
<!-- Generated by org.testng.reporters.JUnitReportReporter -->
<testsuite hostname="LAPTOP-E24LKBUN" failures="0" tests="10" name="testcases.ProductTest" time="8.563" errors="0" timestamp="2025-08-05T19:09:03 IST" skipped="0">
  <testcase classname="testcases.ProductTest" name="testGetAllCategories" time="0.672"/>
  <testcase classname="testcases.ProductTest" name="testGetSortedProducts" time="0.856"/>
  <testcase classname="testcases.ProductTest" name="testGetAllProducts" time="0.874"/>
  <testcase classname="testcases.ProductTest" name="testGetSingleProductById" time="0.255"/>
  <testcase classname="testcases.ProductTest" name="testUpdateProduct" time="0.670"/>
  <testcase classname="testcases.ProductTest" name="testDeleteProduct" time="0.779"/>
  <testcase classname="testcases.ProductTest" name="testGetProductsByCategory" time="0.411"/>
  <testcase classname="testcases.ProductTest" name="testAddNewProduct" time="2.216"/>
  <testcase classname="testcases.ProductTest" name="testGetSortedProductsAsc" time="1.112"/>
  <testcase classname="testcases.ProductTest" name="testGetLimitedProducts" time="0.718"/>
</testsuite> <!-- testcases.ProductTest -->
