<?xml version="1.0" encoding="UTF-8"?>
<!-- Generated by org.testng.reporters.JUnitReportReporter -->
<testsuite hostname="LAPTOP-E24LKBUN" failures="0" tests="3" name="testcases.SchemaTests" time="1.712" errors="0" timestamp="2025-08-05T19:09:03 IST" skipped="0">
  <testcase classname="testcases.SchemaTests" name="testCartSchema" time="1.103"/>
  <testcase classname="testcases.SchemaTests" name="testProducrSchema" time="0.254"/>
  <testcase classname="testcases.SchemaTests" name="testUserSchema" time="0.355"/>
</testsuite> <!-- testcases.SchemaTests -->
