<?xml version="1.0" encoding="UTF-8"?>
<!-- Generated by org.testng.reporters.JUnitReportReporter -->
<testsuite hostname="LAPTOP-E24LKBUN" failures="0" tests="5" name="testcases.ProductDataDrivenTest" time="8.576" errors="0" timestamp="2025-08-03T23:38:52 IST" skipped="0">
  <testcase classname="testcases.ProductDataDrivenTest" name="testAddNewProduct" time="3.064"/>
  <testcase classname="testcases.ProductDataDrivenTest" name="testAddNewProduct" time="1.041"/>
  <testcase classname="testcases.ProductDataDrivenTest" name="testAddNewProduct" time="1.394"/>
  <testcase classname="testcases.ProductDataDrivenTest" name="testAddNewProduct" time="1.657"/>
  <testcase classname="testcases.ProductDataDrivenTest" name="testAddNewProduct" time="1.420"/>
</testsuite> <!-- testcases.ProductDataDrivenTest -->
