<?xml version="1.0" encoding="UTF-8"?>
<!-- Generated by org.testng.reporters.JUnitReportReporter -->
<testsuite hostname="LAPTOP-E24LKBUN" failures="0" tests="8" name="testcases.UserTest" time="6.250" errors="0" timestamp="2025-08-05T19:09:03 IST" skipped="0">
  <testcase classname="testcases.UserTest" name="testCreateUser" time="0.947"/>
  <testcase classname="testcases.UserTest" name="testGetUsersWithLimit" time="0.751"/>
  <testcase classname="testcases.UserTest" name="testGetAllUser" time="0.361"/>
  <testcase classname="testcases.UserTest" name="testUpdateUser" time="0.856"/>
  <testcase classname="testcases.UserTest" name="testGetUserById" time="0.851"/>
  <testcase classname="testcases.UserTest" name="testDeleteUser" time="0.978"/>
  <testcase classname="testcases.UserTest" name="testGetUsersSorted" time="0.766"/>
  <testcase classname="testcases.UserTest" name="testGetUsersSortedAsc" time="0.740"/>
</testsuite> <!-- testcases.UserTest -->
