<?xml version="1.0" encoding="UTF-8"?>
<!-- Generated by org.testng.reporters.JUnitReportReporter -->
<testsuite hostname="LAPTOP-E24LKBUN" failures="0" tests="3" name="testcases.SchemaTests" time="1.795" errors="0" timestamp="2025-08-05T19:15:34 IST" skipped="0">
  <testcase classname="testcases.SchemaTests" name="testUserSchema" time="0.364"/>
  <testcase classname="testcases.SchemaTests" name="testProducrSchema" time="0.667"/>
  <testcase classname="testcases.SchemaTests" name="testCartSchema" time="0.764"/>
</testsuite> <!-- testcases.SchemaTests -->
