<?xml version="1.0" encoding="UTF-8"?>
<!-- Generated by org.testng.reporters.JUnitReportReporter -->
<testsuite hostname="LAPTOP-E24LKBUN" failures="0" tests="8" name="testcases.UserTest" time="6.265" errors="0" timestamp="2025-08-05T19:15:34 IST" skipped="0">
  <testcase classname="testcases.UserTest" name="testGetAllUser" time="0.352"/>
  <testcase classname="testcases.UserTest" name="testGetUsersWithLimit" time="0.755"/>
  <testcase classname="testcases.UserTest" name="testGetUsersSorted" time="0.980"/>
  <testcase classname="testcases.UserTest" name="testCreateUser" time="1.290"/>
  <testcase classname="testcases.UserTest" name="testGetUserById" time="0.752"/>
  <testcase classname="testcases.UserTest" name="testGetUsersSortedAsc" time="0.782"/>
  <testcase classname="testcases.UserTest" name="testUpdateUser" time="0.605"/>
  <testcase classname="testcases.UserTest" name="testDeleteUser" time="0.749"/>
</testsuite> <!-- testcases.UserTest -->
